#
# There is insufficient memory for the Java Runtime Environment to continue.
# Native memory allocation (malloc) failed to allocate 1390016 bytes for Chunk::new
# Possible reasons:
#   The system is out of physical RAM or swap space
#   The process is running with CompressedOops enabled, and the Java Heap may be blocking the growth of the native heap
# Possible solutions:
#   Reduce memory load on the system
#   Increase physical memory or swap space
#   Check if swap backing store is full
#   Decrease Java heap size (-Xmx/-Xms)
#   Decrease number of Java threads
#   Decrease Java thread stack sizes (-Xss)
#   Set larger code cache with -XX:ReservedCodeCacheSize=
#   JVM is running with Unscaled Compressed Oops mode in which the Java heap is
#     placed in the first 4GB address space. The Java Heap base address is the
#     maximum limit for the native heap growth. Please use -XX:HeapBaseMinAddress
#     to set the Java Heap base and to place the Java Heap above 4GB virtual address.
# This output file may be truncated or incomplete.
#
#  Out of Memory Error (./src/hotspot/share/memory/arena.cpp:197), pid=1372, tid=12152
#
# JRE version: OpenJDK Runtime Environment (11.0.10) (build 11.0.10+0-b96-7249189)
# Java VM: OpenJDK 64-Bit Server VM (11.0.10+0-b96-7249189, mixed mode, tiered, compressed oops, g1 gc, windows-amd64)
# No core dump will be written. Minidumps are not enabled by default on client versions of Windows
#

---------------  S U M M A R Y ------------

Command Line: --add-opens=java.base/java.util=ALL-UNNAMED --add-opens=java.base/java.lang=ALL-UNNAMED --add-opens=java.base/java.lang.invoke=ALL-UNNAMED --add-opens=java.prefs/java.util.prefs=ALL-UNNAMED -Xmx1536m -Dfile.encoding=windows-1252 -Duser.country=US -Duser.language=en -Duser.variant org.gradle.launcher.daemon.bootstrap.GradleDaemon 5.6.4

Host: Intel(R) Core(TM) i5-8250U CPU @ 1.60GHz, 8 cores, 7G,  Windows 10 , 64 bit Build 19041 (10.0.19041.1151)
Time: Tue Aug 17 13:37:58 2021 SE Asia Standard Time elapsed time: 301.489129 seconds (0d 0h 5m 1s)

---------------  T H R E A D  ---------------

Current thread (0x000001c9bd5c4000):  JavaThread "C2 CompilerThread0" daemon [_thread_in_native, id=12152, stack(0x0000009cbae00000,0x0000009cbaf00000)]


Current CompileTask:
C2: 301489 13532   !   4       com.sun.tools.javac.parser.JavaTokenizer::readToken (2179 bytes)

Stack: [0x0000009cbae00000,0x0000009cbaf00000]
Native frames: (J=compiled Java code, j=interpreted, Vv=VM code, C=native code)
V  [jvm.dll+0x5ecfaa]
V  [jvm.dll+0x722bd5]
V  [jvm.dll+0x72412d]
V  [jvm.dll+0x7247e3]
V  [jvm.dll+0x242928]
V  [jvm.dll+0xbc4fc]
V  [jvm.dll+0xbca0c]
V  [jvm.dll+0x2b4fd4]
V  [jvm.dll+0x506028]
V  [jvm.dll+0x203253]
V  [jvm.dll+0x1fd07c]
V  [jvm.dll+0x1fa77f]
V  [jvm.dll+0x18354c]
V  [jvm.dll+0x208ee7]
V  [jvm.dll+0x207731]
V  [jvm.dll+0x6eb1cf]
V  [jvm.dll+0x6e3d45]
V  [jvm.dll+0x5ebe96]
C  [ucrtbase.dll+0x21bb2]
C  [KERNEL32.DLL+0x17034]
C  [ntdll.dll+0x52651]


---------------  P R O C E S S  ---------------

Threads class SMR info:
_java_thread_list=0x000001c9c83cc600, length=54, elements={
0x000001c9a3abb800, 0x000001c9bcc2a000, 0x000001c9bcc4d800, 0x000001c9bcc66800,
0x000001c9bcc6a800, 0x000001c9bcc6e800, 0x000001c9bd5c4000, 0x000001c9bd5d0800,
0x000001c9bd5d1800, 0x000001c9bd72f000, 0x000001c9befae800, 0x000001c9bf77d000,
0x000001c9bd827800, 0x000001c9be542800, 0x000001c9be541000, 0x000001c9be541800,
0x000001c9bfb70800, 0x000001c9bfb78800, 0x000001c9d1fa0800, 0x000001c9d1f9e800,
0x000001c9d1fa3000, 0x000001c9d1f9d000, 0x000001c9d1fa1000, 0x000001c9d1fa2000,
0x000001c9d1fa3800, 0x000001c9d1f9e000, 0x000001c9d1fa4800, 0x000001c9d1fa5800,
0x000001c9d1fa6000, 0x000001c9d1fa7000, 0x000001c9d1fa8800, 0x000001c9d1fa9800,
0x000001c9d1fa7800, 0x000001c9d1faa000, 0x000001c9d1fab000, 0x000001c9bfb72000,
0x000001c9bfb74000, 0x000001c9bfb71800, 0x000001c9bfb79800, 0x000001c9bfb73000,
0x000001c9bfb76000, 0x000001c9bfb7a800, 0x000001c9bfb74800, 0x000001c9bfb7b000,
0x000001c9bfb7c000, 0x000001c9d1f9f800, 0x000001c9bfb77000, 0x000001c9c1e92000,
0x000001c9c1e92800, 0x000001c9c1e90000, 0x000001c9c1e94800, 0x000001c9c1e8f800,
0x000001c9c1e96000, 0x000001c9c1e91000
}

Java Threads: ( => current thread )
  0x000001c9a3abb800 JavaThread "main" [_thread_blocked, id=11388, stack(0x0000009cba200000,0x0000009cba300000)]
  0x000001c9bcc2a000 JavaThread "Reference Handler" daemon [_thread_blocked, id=1188, stack(0x0000009cba900000,0x0000009cbaa00000)]
  0x000001c9bcc4d800 JavaThread "Finalizer" daemon [_thread_blocked, id=11540, stack(0x0000009cbaa00000,0x0000009cbab00000)]
  0x000001c9bcc66800 JavaThread "Signal Dispatcher" daemon [_thread_blocked, id=9228, stack(0x0000009cbab00000,0x0000009cbac00000)]
  0x000001c9bcc6a800 JavaThread "Attach Listener" daemon [_thread_blocked, id=7004, stack(0x0000009cbac00000,0x0000009cbad00000)]
  0x000001c9bcc6e800 JavaThread "Service Thread" daemon [_thread_blocked, id=3432, stack(0x0000009cbad00000,0x0000009cbae00000)]
=>0x000001c9bd5c4000 JavaThread "C2 CompilerThread0" daemon [_thread_in_native, id=12152, stack(0x0000009cbae00000,0x0000009cbaf00000)]
  0x000001c9bd5d0800 JavaThread "C1 CompilerThread0" daemon [_thread_blocked, id=1236, stack(0x0000009cbaf00000,0x0000009cbb000000)]
  0x000001c9bd5d1800 JavaThread "Sweeper thread" daemon [_thread_blocked, id=6616, stack(0x0000009cbb000000,0x0000009cbb100000)]
  0x000001c9bd72f000 JavaThread "Common-Cleaner" daemon [_thread_blocked, id=3008, stack(0x0000009cbb100000,0x0000009cbb200000)]
  0x000001c9befae800 JavaThread "Daemon health stats" [_thread_blocked, id=8656, stack(0x0000009cbb700000,0x0000009cbb800000)]
  0x000001c9bf77d000 JavaThread "Incoming local TCP Connector on port 62756" [_thread_in_native, id=1660, stack(0x0000009cbb300000,0x0000009cbb400000)]
  0x000001c9bd827800 JavaThread "Daemon periodic checks" [_thread_blocked, id=2156, stack(0x0000009cbb600000,0x0000009cbb700000)]
  0x000001c9be542800 JavaThread "Cache worker for file hash cache (C:\Users\dat29\.gradle\caches\5.6.4\fileHashes)" [_thread_blocked, id=8456, stack(0x0000009cbbf00000,0x0000009cbc000000)]
  0x000001c9be541000 JavaThread "File lock request listener" [_thread_in_native, id=10160, stack(0x0000009cbc000000,0x0000009cbc100000)]
  0x000001c9be541800 JavaThread "Cache worker for journal cache (C:\Users\dat29\.gradle\caches\journal-1)" [_thread_blocked, id=6792, stack(0x0000009cbc100000,0x0000009cbc200000)]
  0x000001c9bfb70800 JavaThread "Cache worker for execution history cache (C:\Users\dat29\.gradle\caches\5.6.4\executionHistory)" [_thread_blocked, id=1552, stack(0x0000009cbce00000,0x0000009cbcf00000)]
  0x000001c9bfb78800 JavaThread "Memory manager" [_thread_blocked, id=4696, stack(0x0000009cbd800000,0x0000009cbd900000)]
  0x000001c9d1fa0800 JavaThread "Daemon Thread 2" [_thread_blocked, id=2776, stack(0x0000009cb9f00000,0x0000009cba000000)]
  0x000001c9d1f9e800 JavaThread "Handler for socket connection from /127.0.0.1:62756 to /127.0.0.1:57555" [_thread_in_native, id=5672, stack(0x0000009cba000000,0x0000009cba100000)]
  0x000001c9d1fa3000 JavaThread "Cancel handler" [_thread_blocked, id=2172, stack(0x0000009cba100000,0x0000009cba200000)]
  0x000001c9d1f9d000 JavaThread "Daemon worker Thread 2" [_thread_in_native, id=11060, stack(0x0000009cbb800000,0x0000009cbb900000)]
  0x000001c9d1fa1000 JavaThread "Asynchronous log dispatcher for DefaultDaemonConnection: socket connection from /127.0.0.1:62756 to /127.0.0.1:57555" [_thread_blocked, id=10756, stack(0x0000009cbb900000,0x0000009cbba00000)]
  0x000001c9d1fa2000 JavaThread "Stdin handler" [_thread_blocked, id=11204, stack(0x0000009cbba00000,0x0000009cbbb00000)]
  0x000001c9d1fa3800 JavaThread "Thread-38" [_thread_blocked, id=7272, stack(0x0000009cbbb00000,0x0000009cbbc00000)]
  0x000001c9d1f9e000 JavaThread "Cache worker for file hash cache (D:\AndroidStudioProjects\AppZingMP3\.gradle\5.6.4\fileHashes)" [_thread_blocked, id=748, stack(0x0000009cbbc00000,0x0000009cbbd00000)]
  0x000001c9d1fa4800 JavaThread "Cache worker for cache directory md-supplier (C:\Users\dat29\.gradle\caches\5.6.4\md-supplier)" [_thread_blocked, id=9980, stack(0x0000009cbbd00000,0x0000009cbbe00000)]
  0x000001c9d1fa5800 JavaThread "Cache worker for cache directory md-rule (C:\Users\dat29\.gradle\caches\5.6.4\md-rule)" [_thread_blocked, id=9300, stack(0x0000009cbbe00000,0x0000009cbbf00000)]
  0x000001c9d1fa6000 JavaThread "Build operations" [_thread_blocked, id=7076, stack(0x0000009cbca00000,0x0000009cbcb00000)]
  0x000001c9d1fa7000 JavaThread "Build operations Thread 2" [_thread_blocked, id=3132, stack(0x0000009cbcb00000,0x0000009cbcc00000)]
  0x000001c9d1fa8800 JavaThread "Build operations Thread 3" [_thread_blocked, id=840, stack(0x0000009cbcc00000,0x0000009cbcd00000)]
  0x000001c9d1fa9800 JavaThread "Build operations Thread 4" [_thread_blocked, id=4848, stack(0x0000009cbcd00000,0x0000009cbce00000)]
  0x000001c9d1fa7800 JavaThread "Build operations Thread 5" [_thread_blocked, id=8420, stack(0x0000009cbcf00000,0x0000009cbd000000)]
  0x000001c9d1faa000 JavaThread "Build operations Thread 6" [_thread_blocked, id=5936, stack(0x0000009cbd000000,0x0000009cbd100000)]
  0x000001c9d1fab000 JavaThread "Build operations Thread 7" [_thread_blocked, id=8360, stack(0x0000009cbd100000,0x0000009cbd200000)]
  0x000001c9bfb72000 JavaThread "Build operations Thread 8" [_thread_blocked, id=9336, stack(0x0000009cbd200000,0x0000009cbd300000)]
  0x000001c9bfb74000 JavaThread "Cache worker for Build Output Cleanup Cache (D:\AndroidStudioProjects\AppZingMP3\.gradle\buildOutputCleanup)" [_thread_blocked, id=756, stack(0x0000009cbc900000,0x0000009cbca00000)]
  0x000001c9bfb71800 JavaThread "Cache worker for file content cache (C:\Users\dat29\.gradle\caches\5.6.4\fileContent)" [_thread_blocked, id=11772, stack(0x0000009cbd500000,0x0000009cbd600000)]
  0x000001c9bfb79800 JavaThread "Cache worker for file content cache (D:\AndroidStudioProjects\AppZingMP3\.gradle\5.6.4\fileContent)" [_thread_blocked, id=8116, stack(0x0000009cbd600000,0x0000009cbd700000)]
  0x000001c9bfb73000 JavaThread "Execution worker for ':'" [_thread_blocked, id=10472, stack(0x0000009cbd700000,0x0000009cbd800000)]
  0x000001c9bfb76000 JavaThread "Execution worker for ':' Thread 2" [_thread_blocked, id=10412, stack(0x0000009cbda00000,0x0000009cbdb00000)]
  0x000001c9bfb7a800 JavaThread "Execution worker for ':' Thread 3" [_thread_blocked, id=8412, stack(0x0000009cbdb00000,0x0000009cbdc00000)]
  0x000001c9bfb74800 JavaThread "Execution worker for ':' Thread 4" [_thread_blocked, id=10060, stack(0x0000009cbdc00000,0x0000009cbdd00000)]
  0x000001c9bfb7b000 JavaThread "Execution worker for ':' Thread 5" [_thread_blocked, id=11428, stack(0x0000009cbdd00000,0x0000009cbde00000)]
  0x000001c9bfb7c000 JavaThread "Execution worker for ':' Thread 6" [_thread_blocked, id=3244, stack(0x0000009cbde00000,0x0000009cbdf00000)]
  0x000001c9d1f9f800 JavaThread "Execution worker for ':' Thread 7" [_thread_blocked, id=9164, stack(0x0000009cbdf00000,0x0000009cbe000000)]
  0x000001c9bfb77000 JavaThread "Cache worker for execution history cache (D:\AndroidStudioProjects\AppZingMP3\.gradle\5.6.4\executionHistory)" [_thread_blocked, id=8376, stack(0x0000009cbd400000,0x0000009cbd500000)]
  0x000001c9c1e92000 JavaThread "WorkerExecutor Queue" [_thread_blocked, id=3912, stack(0x0000009cbe100000,0x0000009cbe200000)]
  0x000001c9c1e92800 JavaThread "WorkerExecutor Queue Thread 2" [_thread_blocked, id=9240, stack(0x0000009cbe200000,0x0000009cbe300000)]
  0x000001c9c1e90000 JavaThread "pool-4-thread-1" [_thread_blocked, id=10128, stack(0x0000009cbe300000,0x0000009cbe400000)]
  0x000001c9c1e94800 JavaThread "stderr" [_thread_in_native, id=3880, stack(0x0000009cbe400000,0x0000009cbe500000)]
  0x000001c9c1e8f800 JavaThread "stdout" [_thread_in_native, id=9264, stack(0x0000009cbe500000,0x0000009cbe600000)]
  0x000001c9c1e96000 JavaThread "Cache worker for Java compile cache (C:\Users\dat29\.gradle\caches\5.6.4\javaCompile)" [_thread_blocked, id=1176, stack(0x0000009cbe600000,0x0000009cbe700000)]
  0x000001c9c1e91000 JavaThread "Cache worker for Java compile cache (D:\AndroidStudioProjects\AppZingMP3\.gradle\5.6.4\javaCompile)" [_thread_blocked, id=1808, stack(0x0000009cbe700000,0x0000009cbe800000)]

Other Threads:
  0x000001c9bcc26000 VMThread "VM Thread" [stack: 0x0000009cba800000,0x0000009cba900000] [id=5756]
  0x000001c9bd765000 WatcherThread [stack: 0x0000009cbb200000,0x0000009cbb300000] [id=2356]
  0x000001c9a3ad4000 GCTaskThread "GC Thread#0" [stack: 0x0000009cba300000,0x0000009cba400000] [id=11164]
  0x000001c9be42c800 GCTaskThread "GC Thread#1" [stack: 0x0000009cbb400000,0x0000009cbb500000] [id=8208]
  0x000001c9be42d000 GCTaskThread "GC Thread#2" [stack: 0x0000009cbb500000,0x0000009cbb600000] [id=2984]
  0x000001c9bf55c000 GCTaskThread "GC Thread#3" [stack: 0x0000009cbc200000,0x0000009cbc300000] [id=2140]
  0x000001c9bfe49000 GCTaskThread "GC Thread#4" [stack: 0x0000009cbc300000,0x0000009cbc400000] [id=10772]
  0x000001c9bf54b000 GCTaskThread "GC Thread#5" [stack: 0x0000009cbc400000,0x0000009cbc500000] [id=11244]
  0x000001c9bf612000 GCTaskThread "GC Thread#6" [stack: 0x0000009cbc500000,0x0000009cbc600000] [id=11724]
  0x000001c9bf4b2000 GCTaskThread "GC Thread#7" [stack: 0x0000009cbc600000,0x0000009cbc700000] [id=9100]
  0x000001c9a3afb000 ConcurrentGCThread "G1 Main Marker" [stack: 0x0000009cba400000,0x0000009cba500000] [id=1880]
  0x000001c9a3afe800 ConcurrentGCThread "G1 Conc#0" [stack: 0x0000009cba500000,0x0000009cba600000] [id=2444]
  0x000001c9bf83c800 ConcurrentGCThread "G1 Conc#1" [stack: 0x0000009cbc800000,0x0000009cbc900000] [id=11512]
  0x000001c9bca90800 ConcurrentGCThread "G1 Refine#0" [stack: 0x0000009cba600000,0x0000009cba700000] [id=10880]
  0x000001c9be0d9000 ConcurrentGCThread "G1 Refine#1" [stack: 0x0000009cbc700000,0x0000009cbc800000] [id=11748]
  0x000001c9bca91000 ConcurrentGCThread "G1 Young RemSet Sampling" [stack: 0x0000009cba700000,0x0000009cba800000] [id=9168]

Threads with active compile tasks:
C2 CompilerThread0 301531 13532   !   4       com.sun.tools.javac.parser.JavaTokenizer::readToken (2179 bytes)

VM state:not at safepoint (normal execution)

VM Mutex/Monitor currently owned by a thread: None

Heap address: 0x00000000a0000000, size: 1536 MB, Compressed Oops mode: 32-bit
Narrow klass base: 0x0000000000000000, Narrow klass shift: 3
Compressed class space size: 1073741824 Address: 0x0000000100000000

Heap:
 garbage-first heap   total 227328K, used 132851K [0x00000000a0000000, 0x0000000100000000)
  region size 1024K, 35 young (35840K), 7 survivors (7168K)
 Metaspace       used 107237K, capacity 109966K, committed 110208K, reserved 1144832K
  class space    used 13302K, capacity 14205K, committed 14208K, reserved 1048576K
Heap Regions: E=young(eden), S=young(survivor), O=old, HS=humongous(starts), HC=humongous(continues), CS=collection set, F=free, A=archive, TAMS=top-at-mark-start (previous, next)
|   0|0x00000000a0000000, 0x00000000a0100000, 0x00000000a0100000|100%| O|  |TAMS 0x00000000a0100000, 0x00000000a0000000| Untracked 
|   1|0x00000000a0100000, 0x00000000a0200000, 0x00000000a0200000|100%| O|  |TAMS 0x00000000a0200000, 0x00000000a0100000| Untracked 
|   2|0x00000000a0200000, 0x00000000a0300000, 0x00000000a0300000|100%| O|  |TAMS 0x00000000a0300000, 0x00000000a0200000| Untracked 
|   3|0x00000000a0300000, 0x00000000a0400000, 0x00000000a0400000|100%|HS|  |TAMS 0x00000000a0400000, 0x00000000a0300000| Complete 
|   4|0x00000000a0400000, 0x00000000a0500000, 0x00000000a0500000|100%|HC|  |TAMS 0x00000000a0500000, 0x00000000a0400000| Complete 
|   5|0x00000000a0500000, 0x00000000a0600000, 0x00000000a0600000|100%|HC|  |TAMS 0x00000000a0600000, 0x00000000a0500000| Complete 
|   6|0x00000000a0600000, 0x00000000a0700000, 0x00000000a0700000|100%| O|  |TAMS 0x00000000a0700000, 0x00000000a0600000| Untracked 
|   7|0x00000000a0700000, 0x00000000a0800000, 0x00000000a0800000|100%| O|  |TAMS 0x00000000a0800000, 0x00000000a0700000| Untracked 
|   8|0x00000000a0800000, 0x00000000a0900000, 0x00000000a0900000|100%| O|  |TAMS 0x00000000a0900000, 0x00000000a0800000| Untracked 
|   9|0x00000000a0900000, 0x00000000a0a00000, 0x00000000a0a00000|100%| O|  |TAMS 0x00000000a0a00000, 0x00000000a0900000| Untracked 
|  10|0x00000000a0a00000, 0x00000000a0b00000, 0x00000000a0b00000|100%| O|  |TAMS 0x00000000a0b00000, 0x00000000a0a00000| Untracked 
|  11|0x00000000a0b00000, 0x00000000a0c00000, 0x00000000a0c00000|100%| O|  |TAMS 0x00000000a0c00000, 0x00000000a0b00000| Untracked 
|  12|0x00000000a0c00000, 0x00000000a0d00000, 0x00000000a0d00000|100%| O|  |TAMS 0x00000000a0d00000, 0x00000000a0c00000| Untracked 
|  13|0x00000000a0d00000, 0x00000000a0e00000, 0x00000000a0e00000|100%| O|  |TAMS 0x00000000a0e00000, 0x00000000a0d00000| Untracked 
|  14|0x00000000a0e00000, 0x00000000a0f00000, 0x00000000a0f00000|100%| O|  |TAMS 0x00000000a0f00000, 0x00000000a0e00000| Untracked 
|  15|0x00000000a0f00000, 0x00000000a1000000, 0x00000000a1000000|100%| O|  |TAMS 0x00000000a1000000, 0x00000000a0f00000| Untracked 
|  16|0x00000000a1000000, 0x00000000a1100000, 0x00000000a1100000|100%|HS|  |TAMS 0x00000000a1100000, 0x00000000a1000000| Complete 
|  17|0x00000000a1100000, 0x00000000a1200000, 0x00000000a1200000|100%|HC|  |TAMS 0x00000000a1200000, 0x00000000a1100000| Complete 
|  18|0x00000000a1200000, 0x00000000a1300000, 0x00000000a1300000|100%|HS|  |TAMS 0x00000000a1300000, 0x00000000a1200000| Complete 
|  19|0x00000000a1300000, 0x00000000a1400000, 0x00000000a1400000|100%|HC|  |TAMS 0x00000000a1400000, 0x00000000a1300000| Complete 
|  20|0x00000000a1400000, 0x00000000a1500000, 0x00000000a1500000|100%|HC|  |TAMS 0x00000000a1500000, 0x00000000a1400000| Complete 
|  21|0x00000000a1500000, 0x00000000a1600000, 0x00000000a1600000|100%|HS|  |TAMS 0x00000000a1600000, 0x00000000a1500000| Complete 
|  22|0x00000000a1600000, 0x00000000a1700000, 0x00000000a1700000|100%|HC|  |TAMS 0x00000000a1700000, 0x00000000a1600000| Complete 
|  23|0x00000000a1700000, 0x00000000a1800000, 0x00000000a1800000|100%|HC|  |TAMS 0x00000000a1800000, 0x00000000a1700000| Complete 
|  24|0x00000000a1800000, 0x00000000a1900000, 0x00000000a1900000|100%|HC|  |TAMS 0x00000000a1900000, 0x00000000a1800000| Complete 
|  25|0x00000000a1900000, 0x00000000a1a00000, 0x00000000a1a00000|100%|HC|  |TAMS 0x00000000a1a00000, 0x00000000a1900000| Complete 
|  26|0x00000000a1a00000, 0x00000000a1b00000, 0x00000000a1b00000|100%| O|  |TAMS 0x00000000a1b00000, 0x00000000a1a00000| Untracked 
|  27|0x00000000a1b00000, 0x00000000a1c00000, 0x00000000a1c00000|100%| O|  |TAMS 0x00000000a1c00000, 0x00000000a1b00000| Untracked 
|  28|0x00000000a1c00000, 0x00000000a1d00000, 0x00000000a1d00000|100%| O|  |TAMS 0x00000000a1d00000, 0x00000000a1c00000| Untracked 
|  29|0x00000000a1d00000, 0x00000000a1e00000, 0x00000000a1e00000|100%| O|  |TAMS 0x00000000a1e00000, 0x00000000a1d00000| Untracked 
|  30|0x00000000a1e00000, 0x00000000a1f00000, 0x00000000a1f00000|100%| O|  |TAMS 0x00000000a1f00000, 0x00000000a1e00000| Untracked 
|  31|0x00000000a1f00000, 0x00000000a2000000, 0x00000000a2000000|100%| O|  |TAMS 0x00000000a2000000, 0x00000000a1f00000| Untracked 
|  32|0x00000000a2000000, 0x00000000a2100000, 0x00000000a2100000|100%| O|  |TAMS 0x00000000a2100000, 0x00000000a2000000| Untracked 
|  33|0x00000000a2100000, 0x00000000a2200000, 0x00000000a2200000|100%| O|  |TAMS 0x00000000a2100000, 0x00000000a2100000| Untracked 
|  34|0x00000000a2200000, 0x00000000a2300000, 0x00000000a2300000|100%| O|  |TAMS 0x00000000a2200000, 0x00000000a2200000| Untracked 
|  35|0x00000000a2300000, 0x00000000a2400000, 0x00000000a2400000|100%| O|  |TAMS 0x00000000a2300000, 0x00000000a2300000| Untracked 
|  36|0x00000000a2400000, 0x00000000a2500000, 0x00000000a2500000|100%| O|  |TAMS 0x00000000a2400000, 0x00000000a2400000| Untracked 
|  37|0x00000000a2500000, 0x00000000a2600000, 0x00000000a2600000|100%| O|  |TAMS 0x00000000a2500000, 0x00000000a2500000| Untracked 
|  38|0x00000000a2600000, 0x00000000a2700000, 0x00000000a2700000|100%| O|  |TAMS 0x00000000a2700000, 0x00000000a2600000| Untracked 
|  39|0x00000000a2700000, 0x00000000a2800000, 0x00000000a2800000|100%| O|  |TAMS 0x00000000a2800000, 0x00000000a2700000| Untracked 
|  40|0x00000000a2800000, 0x00000000a2900000, 0x00000000a2900000|100%| O|  |TAMS 0x00000000a2900000, 0x00000000a2800000| Untracked 
|  41|0x00000000a2900000, 0x00000000a2a00000, 0x00000000a2a00000|100%| O|  |TAMS 0x00000000a2a00000, 0x00000000a2900000| Untracked 
|  42|0x00000000a2a00000, 0x00000000a2b00000, 0x00000000a2b00000|100%| O|  |TAMS 0x00000000a2a00000, 0x00000000a2a00000| Untracked 
|  43|0x00000000a2b00000, 0x00000000a2c00000, 0x00000000a2c00000|100%| O|  |TAMS 0x00000000a2b00000, 0x00000000a2b00000| Untracked 
|  44|0x00000000a2c00000, 0x00000000a2d00000, 0x00000000a2d00000|100%| O|  |TAMS 0x00000000a2d00000, 0x00000000a2c00000| Untracked 
|  45|0x00000000a2d00000, 0x00000000a2e00000, 0x00000000a2e00000|100%| O|  |TAMS 0x00000000a2d00000, 0x00000000a2d00000| Untracked 
|  46|0x00000000a2e00000, 0x00000000a2f00000, 0x00000000a2f00000|100%| O|  |TAMS 0x00000000a2f00000, 0x00000000a2e00000| Untracked 
|  47|0x00000000a2f00000, 0x00000000a3000000, 0x00000000a3000000|100%| O|  |TAMS 0x00000000a3000000, 0x00000000a2f00000| Untracked 
|  48|0x00000000a3000000, 0x00000000a3100000, 0x00000000a3100000|100%| O|  |TAMS 0x00000000a3000000, 0x00000000a3000000| Untracked 
|  49|0x00000000a3100000, 0x00000000a3200000, 0x00000000a3200000|100%| O|  |TAMS 0x00000000a3100000, 0x00000000a3100000| Untracked 
|  50|0x00000000a3200000, 0x00000000a3300000, 0x00000000a3300000|100%| O|  |TAMS 0x00000000a3200000, 0x00000000a3200000| Untracked 
|  51|0x00000000a3300000, 0x00000000a3400000, 0x00000000a3400000|100%| O|  |TAMS 0x00000000a3300000, 0x00000000a3300000| Untracked 
|  52|0x00000000a3400000, 0x00000000a3500000, 0x00000000a3500000|100%| O|  |TAMS 0x00000000a3400000, 0x00000000a3400000| Untracked 
|  53|0x00000000a3500000, 0x00000000a3600000, 0x00000000a3600000|100%| O|  |TAMS 0x00000000a3500000, 0x00000000a3500000| Untracked 
|  54|0x00000000a3600000, 0x00000000a3700000, 0x00000000a3700000|100%| O|  |TAMS 0x00000000a3600000, 0x00000000a3600000| Untracked 
|  55|0x00000000a3700000, 0x00000000a3800000, 0x00000000a3800000|100%| O|  |TAMS 0x00000000a3700000, 0x00000000a3700000| Untracked 
|  56|0x00000000a3800000, 0x00000000a3900000, 0x00000000a3900000|100%| O|  |TAMS 0x00000000a3800000, 0x00000000a3800000| Untracked 
|  57|0x00000000a3900000, 0x00000000a3a00000, 0x00000000a3a00000|100%| O|  |TAMS 0x00000000a3900000, 0x00000000a3900000| Untracked 
|  58|0x00000000a3a00000, 0x00000000a3b00000, 0x00000000a3b00000|100%| O|  |TAMS 0x00000000a3a00000, 0x00000000a3a00000| Untracked 
|  59|0x00000000a3b00000, 0x00000000a3c00000, 0x00000000a3c00000|100%| O|  |TAMS 0x00000000a3b00000, 0x00000000a3b00000| Untracked 
|  60|0x00000000a3c00000, 0x00000000a3d00000, 0x00000000a3d00000|100%| O|  |TAMS 0x00000000a3c00000, 0x00000000a3c00000| Untracked 
|  61|0x00000000a3d00000, 0x00000000a3e00000, 0x00000000a3e00000|100%| O|  |TAMS 0x00000000a3d00000, 0x00000000a3d00000| Untracked 
|  62|0x00000000a3e00000, 0x00000000a3f00000, 0x00000000a3f00000|100%| O|  |TAMS 0x00000000a3e00000, 0x00000000a3e00000| Untracked 
|  63|0x00000000a3f00000, 0x00000000a4000000, 0x00000000a4000000|100%| O|  |TAMS 0x00000000a3f00000, 0x00000000a3f00000| Untracked 
|  64|0x00000000a4000000, 0x00000000a4100000, 0x00000000a4100000|100%| O|  |TAMS 0x00000000a4000000, 0x00000000a4000000| Untracked 
|  65|0x00000000a4100000, 0x00000000a4200000, 0x00000000a4200000|100%| O|  |TAMS 0x00000000a4100000, 0x00000000a4100000| Untracked 
|  66|0x00000000a4200000, 0x00000000a4300000, 0x00000000a4300000|100%| O|  |TAMS 0x00000000a4300000, 0x00000000a4200000| Untracked 
|  67|0x00000000a4300000, 0x00000000a4400000, 0x00000000a4400000|100%| O|  |TAMS 0x00000000a4300000, 0x00000000a4300000| Untracked 
|  68|0x00000000a4400000, 0x00000000a4500000, 0x00000000a4500000|100%| O|  |TAMS 0x00000000a4400000, 0x00000000a4400000| Untracked 
|  69|0x00000000a4500000, 0x00000000a4600000, 0x00000000a4600000|100%| O|  |TAMS 0x00000000a4500000, 0x00000000a4500000| Untracked 
|  70|0x00000000a4600000, 0x00000000a4700000, 0x00000000a4700000|100%| O|  |TAMS 0x00000000a4700000, 0x00000000a4600000| Untracked 
|  71|0x00000000a4700000, 0x00000000a4800000, 0x00000000a4800000|100%| O|  |TAMS 0x00000000a4800000, 0x00000000a4700000| Untracked 
|  72|0x00000000a4800000, 0x00000000a4900000, 0x00000000a4900000|100%| O|  |TAMS 0x00000000a4900000, 0x00000000a4800000| Untracked 
|  73|0x00000000a4900000, 0x00000000a4a00000, 0x00000000a4a00000|100%| O|  |TAMS 0x00000000a4a00000, 0x00000000a4900000| Untracked 
|  74|0x00000000a4a00000, 0x00000000a4a6de00, 0x00000000a4b00000| 42%| O|  |TAMS 0x00000000a4a00000, 0x00000000a4a00000| Untracked 
|  75|0x00000000a4b00000, 0x00000000a4b00000, 0x00000000a4c00000|  0%| F|  |TAMS 0x00000000a4b00000, 0x00000000a4b00000| Untracked 
|  76|0x00000000a4c00000, 0x00000000a4c00000, 0x00000000a4d00000|  0%| F|  |TAMS 0x00000000a4c00000, 0x00000000a4c00000| Untracked 
|  77|0x00000000a4d00000, 0x00000000a4d00000, 0x00000000a4e00000|  0%| F|  |TAMS 0x00000000a4d00000, 0x00000000a4d00000| Untracked 
|  78|0x00000000a4e00000, 0x00000000a4e00000, 0x00000000a4f00000|  0%| F|  |TAMS 0x00000000a4e00000, 0x00000000a4e00000| Untracked 
|  79|0x00000000a4f00000, 0x00000000a4f00000, 0x00000000a5000000|  0%| F|  |TAMS 0x00000000a4f00000, 0x00000000a4f00000| Untracked 
|  80|0x00000000a5000000, 0x00000000a5000000, 0x00000000a5100000|  0%| F|  |TAMS 0x00000000a5000000, 0x00000000a5000000| Untracked 
|  81|0x00000000a5100000, 0x00000000a5100000, 0x00000000a5200000|  0%| F|  |TAMS 0x00000000a5100000, 0x00000000a5100000| Untracked 
|  82|0x00000000a5200000, 0x00000000a5200000, 0x00000000a5300000|  0%| F|  |TAMS 0x00000000a5200000, 0x00000000a5200000| Untracked 
|  83|0x00000000a5300000, 0x00000000a5300000, 0x00000000a5400000|  0%| F|  |TAMS 0x00000000a5300000, 0x00000000a5300000| Untracked 
|  84|0x00000000a5400000, 0x00000000a5400000, 0x00000000a5500000|  0%| F|  |TAMS 0x00000000a5400000, 0x00000000a5400000| Untracked 
|  85|0x00000000a5500000, 0x00000000a5500000, 0x00000000a5600000|  0%| F|  |TAMS 0x00000000a5500000, 0x00000000a5500000| Untracked 
|  86|0x00000000a5600000, 0x00000000a5600000, 0x00000000a5700000|  0%| F|  |TAMS 0x00000000a5600000, 0x00000000a5600000| Untracked 
|  87|0x00000000a5700000, 0x00000000a5700000, 0x00000000a5800000|  0%| F|  |TAMS 0x00000000a5700000, 0x00000000a5700000| Untracked 
|  88|0x00000000a5800000, 0x00000000a5800000, 0x00000000a5900000|  0%| F|  |TAMS 0x00000000a5800000, 0x00000000a5800000| Untracked 
|  89|0x00000000a5900000, 0x00000000a5900000, 0x00000000a5a00000|  0%| F|  |TAMS 0x00000000a5900000, 0x00000000a5900000| Untracked 
|  90|0x00000000a5a00000, 0x00000000a5a00000, 0x00000000a5b00000|  0%| F|  |TAMS 0x00000000a5a00000, 0x00000000a5a00000| Untracked 
|  91|0x00000000a5b00000, 0x00000000a5b00000, 0x00000000a5c00000|  0%| F|  |TAMS 0x00000000a5b00000, 0x00000000a5b00000| Untracked 
|  92|0x00000000a5c00000, 0x00000000a5c00000, 0x00000000a5d00000|  0%| F|  |TAMS 0x00000000a5c00000, 0x00000000a5c00000| Untracked 
|  93|0x00000000a5d00000, 0x00000000a5d00000, 0x00000000a5e00000|  0%| F|  |TAMS 0x00000000a5d00000, 0x00000000a5d00000| Untracked 
|  94|0x00000000a5e00000, 0x00000000a5e00000, 0x00000000a5f00000|  0%| F|  |TAMS 0x00000000a5e00000, 0x00000000a5e00000| Untracked 
|  95|0x00000000a5f00000, 0x00000000a5f00000, 0x00000000a6000000|  0%| F|  |TAMS 0x00000000a5f00000, 0x00000000a5f00000| Untracked 
|  96|0x00000000a6000000, 0x00000000a6000000, 0x00000000a6100000|  0%| F|  |TAMS 0x00000000a6000000, 0x00000000a6000000| Untracked 
|  97|0x00000000a6100000, 0x00000000a6100000, 0x00000000a6200000|  0%| F|  |TAMS 0x00000000a6100000, 0x00000000a6100000| Untracked 
|  98|0x00000000a6200000, 0x00000000a6200000, 0x00000000a6300000|  0%| F|  |TAMS 0x00000000a6200000, 0x00000000a6200000| Untracked 
|  99|0x00000000a6300000, 0x00000000a6300000, 0x00000000a6400000|  0%| F|  |TAMS 0x00000000a6300000, 0x00000000a6300000| Untracked 
| 100|0x00000000a6400000, 0x00000000a6400000, 0x00000000a6500000|  0%| F|  |TAMS 0x00000000a6400000, 0x00000000a6400000| Untracked 
| 101|0x00000000a6500000, 0x00000000a6500000, 0x00000000a6600000|  0%| F|  |TAMS 0x00000000a6500000, 0x00000000a6500000| Untracked 
| 102|0x00000000a6600000, 0x00000000a6600000, 0x00000000a6700000|  0%| F|  |TAMS 0x00000000a6600000, 0x00000000a6600000| Untracked 
| 103|0x00000000a6700000, 0x00000000a6700000, 0x00000000a6800000|  0%| F|  |TAMS 0x00000000a6700000, 0x00000000a6700000| Untracked 
| 104|0x00000000a6800000, 0x00000000a6800000, 0x00000000a6900000|  0%| F|  |TAMS 0x00000000a6800000, 0x00000000a6800000| Untracked 
| 105|0x00000000a6900000, 0x00000000a6900000, 0x00000000a6a00000|  0%| F|  |TAMS 0x00000000a6900000, 0x00000000a6900000| Untracked 
| 106|0x00000000a6a00000, 0x00000000a6a00000, 0x00000000a6b00000|  0%| F|  |TAMS 0x00000000a6a00000, 0x00000000a6a00000| Untracked 
| 107|0x00000000a6b00000, 0x00000000a6b00000, 0x00000000a6c00000|  0%| F|  |TAMS 0x00000000a6b00000, 0x00000000a6b00000| Untracked 
| 108|0x00000000a6c00000, 0x00000000a6c00000, 0x00000000a6d00000|  0%| F|  |TAMS 0x00000000a6c00000, 0x00000000a6c00000| Untracked 
| 109|0x00000000a6d00000, 0x00000000a6d00000, 0x00000000a6e00000|  0%| F|  |TAMS 0x00000000a6d00000, 0x00000000a6d00000| Untracked 
| 110|0x00000000a6e00000, 0x00000000a6f00000, 0x00000000a6f00000|100%| O|  |TAMS 0x00000000a6f00000, 0x00000000a6e00000| Untracked 
| 111|0x00000000a6f00000, 0x00000000a7000000, 0x00000000a7000000|100%|HS|  |TAMS 0x00000000a7000000, 0x00000000a6f00000| Complete 
| 112|0x00000000a7000000, 0x00000000a7100000, 0x00000000a7100000|100%|HC|  |TAMS 0x00000000a7100000, 0x00000000a7000000| Complete 
| 113|0x00000000a7100000, 0x00000000a7200000, 0x00000000a7200000|100%| O|  |TAMS 0x00000000a7200000, 0x00000000a7100000| Untracked 
| 114|0x00000000a7200000, 0x00000000a7300000, 0x00000000a7300000|100%| O|  |TAMS 0x00000000a7300000, 0x00000000a7200000| Untracked 
| 115|0x00000000a7300000, 0x00000000a7400000, 0x00000000a7400000|100%| O|  |TAMS 0x00000000a7400000, 0x00000000a7300000| Untracked 
| 116|0x00000000a7400000, 0x00000000a7500000, 0x00000000a7500000|100%| O|  |TAMS 0x00000000a7500000, 0x00000000a7400000| Untracked 
| 117|0x00000000a7500000, 0x00000000a7600000, 0x00000000a7600000|100%| O|  |TAMS 0x00000000a7600000, 0x00000000a7500000| Untracked 
| 118|0x00000000a7600000, 0x00000000a7700000, 0x00000000a7700000|100%| O|  |TAMS 0x00000000a7700000, 0x00000000a7600000| Untracked 
| 119|0x00000000a7700000, 0x00000000a7800000, 0x00000000a7800000|100%| O|  |TAMS 0x00000000a7800000, 0x00000000a7700000| Untracked 
| 120|0x00000000a7800000, 0x00000000a7900000, 0x00000000a7900000|100%| O|  |TAMS 0x00000000a7900000, 0x00000000a7800000| Untracked 
| 121|0x00000000a7900000, 0x00000000a7a00000, 0x00000000a7a00000|100%| O|  |TAMS 0x00000000a7a00000, 0x00000000a7900000| Untracked 
| 122|0x00000000a7a00000, 0x00000000a7b00000, 0x00000000a7b00000|100%| O|  |TAMS 0x00000000a7b00000, 0x00000000a7a00000| Untracked 
| 123|0x00000000a7b00000, 0x00000000a7c00000, 0x00000000a7c00000|100%| O|  |TAMS 0x00000000a7c00000, 0x00000000a7b00000| Untracked 
| 124|0x00000000a7c00000, 0x00000000a7d00000, 0x00000000a7d00000|100%| O|  |TAMS 0x00000000a7d00000, 0x00000000a7c00000| Untracked 
| 125|0x00000000a7d00000, 0x00000000a7e00000, 0x00000000a7e00000|100%| O|  |TAMS 0x00000000a7e00000, 0x00000000a7d00000| Untracked 
| 126|0x00000000a7e00000, 0x00000000a7f00000, 0x00000000a7f00000|100%| O|  |TAMS 0x00000000a7f00000, 0x00000000a7e00000| Untracked 
| 127|0x00000000a7f00000, 0x00000000a8000000, 0x00000000a8000000|100%| O|  |TAMS 0x00000000a8000000, 0x00000000a7f00000| Untracked 
| 128|0x00000000a8000000, 0x00000000a8100000, 0x00000000a8100000|100%| O|  |TAMS 0x00000000a8100000, 0x00000000a8000000| Untracked 
| 129|0x00000000a8100000, 0x00000000a8200000, 0x00000000a8200000|100%| O|  |TAMS 0x00000000a8200000, 0x00000000a8100000| Untracked 
| 130|0x00000000a8200000, 0x00000000a8300000, 0x00000000a8300000|100%| O|  |TAMS 0x00000000a8300000, 0x00000000a8200000| Untracked 
| 131|0x00000000a8300000, 0x00000000a8400000, 0x00000000a8400000|100%| O|  |TAMS 0x00000000a8400000, 0x00000000a8300000| Untracked 
| 132|0x00000000a8400000, 0x00000000a8500000, 0x00000000a8500000|100%| O|  |TAMS 0x00000000a84f6000, 0x00000000a8400000| Untracked 
| 133|0x00000000a8500000, 0x00000000a8500000, 0x00000000a8600000|  0%| F|  |TAMS 0x00000000a8500000, 0x00000000a8500000| Untracked 
| 134|0x00000000a8600000, 0x00000000a8600000, 0x00000000a8700000|  0%| F|  |TAMS 0x00000000a8600000, 0x00000000a8600000| Untracked 
| 135|0x00000000a8700000, 0x00000000a8700000, 0x00000000a8800000|  0%| F|  |TAMS 0x00000000a8700000, 0x00000000a8700000| Untracked 
| 136|0x00000000a8800000, 0x00000000a8800000, 0x00000000a8900000|  0%| F|  |TAMS 0x00000000a8800000, 0x00000000a8800000| Untracked 
| 137|0x00000000a8900000, 0x00000000a8900000, 0x00000000a8a00000|  0%| F|  |TAMS 0x00000000a8900000, 0x00000000a8900000| Untracked 
| 138|0x00000000a8a00000, 0x00000000a8a4f0b0, 0x00000000a8b00000| 30%| S|CS|TAMS 0x00000000a8a00000, 0x00000000a8a00000| Complete 
| 139|0x00000000a8b00000, 0x00000000a8b00000, 0x00000000a8c00000|  0%| F|  |TAMS 0x00000000a8b00000, 0x00000000a8b00000| Untracked 
| 140|0x00000000a8c00000, 0x00000000a8c00000, 0x00000000a8d00000|  0%| F|  |TAMS 0x00000000a8c00000, 0x00000000a8c00000| Untracked 
| 141|0x00000000a8d00000, 0x00000000a8d00000, 0x00000000a8e00000|  0%| F|  |TAMS 0x00000000a8d00000, 0x00000000a8d00000| Untracked 
| 142|0x00000000a8e00000, 0x00000000a8e00000, 0x00000000a8f00000|  0%| F|  |TAMS 0x00000000a8e00000, 0x00000000a8e00000| Untracked 
| 143|0x00000000a8f00000, 0x00000000a9000000, 0x00000000a9000000|100%| S|CS|TAMS 0x00000000a8f00000, 0x00000000a8f00000| Complete 
| 144|0x00000000a9000000, 0x00000000a9100000, 0x00000000a9100000|100%| S|CS|TAMS 0x00000000a9000000, 0x00000000a9000000| Complete 
| 145|0x00000000a9100000, 0x00000000a9200000, 0x00000000a9200000|100%| S|CS|TAMS 0x00000000a9100000, 0x00000000a9100000| Complete 
| 146|0x00000000a9200000, 0x00000000a9300000, 0x00000000a9300000|100%| S|CS|TAMS 0x00000000a9200000, 0x00000000a9200000| Complete 
| 147|0x00000000a9300000, 0x00000000a9300000, 0x00000000a9400000|  0%| F|  |TAMS 0x00000000a9300000, 0x00000000a9300000| Untracked 
| 148|0x00000000a9400000, 0x00000000a9400000, 0x00000000a9500000|  0%| F|  |TAMS 0x00000000a9400000, 0x00000000a9400000| Untracked 
| 149|0x00000000a9500000, 0x00000000a9600000, 0x00000000a9600000|100%| S|CS|TAMS 0x00000000a9500000, 0x00000000a9500000| Complete 
| 150|0x00000000a9600000, 0x00000000a9700000, 0x00000000a9700000|100%| S|CS|TAMS 0x00000000a9600000, 0x00000000a9600000| Complete 
| 151|0x00000000a9700000, 0x00000000a9700000, 0x00000000a9800000|  0%| F|  |TAMS 0x00000000a9700000, 0x00000000a9700000| Untracked 
| 152|0x00000000a9800000, 0x00000000a9800000, 0x00000000a9900000|  0%| F|  |TAMS 0x00000000a9800000, 0x00000000a9800000| Untracked 
| 153|0x00000000a9900000, 0x00000000a9900000, 0x00000000a9a00000|  0%| F|  |TAMS 0x00000000a9900000, 0x00000000a9900000| Untracked 
| 154|0x00000000a9a00000, 0x00000000a9a00000, 0x00000000a9b00000|  0%| F|  |TAMS 0x00000000a9a00000, 0x00000000a9a00000| Untracked 
| 155|0x00000000a9b00000, 0x00000000a9b00000, 0x00000000a9c00000|  0%| F|  |TAMS 0x00000000a9b00000, 0x00000000a9b00000| Untracked 
| 156|0x00000000a9c00000, 0x00000000a9c00000, 0x00000000a9d00000|  0%| F|  |TAMS 0x00000000a9c00000, 0x00000000a9c00000| Untracked 
| 157|0x00000000a9d00000, 0x00000000a9d00000, 0x00000000a9e00000|  0%| F|  |TAMS 0x00000000a9d00000, 0x00000000a9d00000| Untracked 
| 158|0x00000000a9e00000, 0x00000000a9e00000, 0x00000000a9f00000|  0%| F|  |TAMS 0x00000000a9e00000, 0x00000000a9e00000| Untracked 
| 159|0x00000000a9f00000, 0x00000000a9f00000, 0x00000000aa000000|  0%| F|  |TAMS 0x00000000a9f00000, 0x00000000a9f00000| Untracked 
| 160|0x00000000aa000000, 0x00000000aa000000, 0x00000000aa100000|  0%| F|  |TAMS 0x00000000aa000000, 0x00000000aa000000| Untracked 
| 161|0x00000000aa100000, 0x00000000aa100000, 0x00000000aa200000|  0%| F|  |TAMS 0x00000000aa100000, 0x00000000aa100000| Untracked 
| 162|0x00000000aa200000, 0x00000000aa200000, 0x00000000aa300000|  0%| F|  |TAMS 0x00000000aa200000, 0x00000000aa200000| Untracked 
| 163|0x00000000aa300000, 0x00000000aa300000, 0x00000000aa400000|  0%| F|  |TAMS 0x00000000aa300000, 0x00000000aa300000| Untracked 
| 164|0x00000000aa400000, 0x00000000aa400000, 0x00000000aa500000|  0%| F|  |TAMS 0x00000000aa400000, 0x00000000aa400000| Untracked 
| 165|0x00000000aa500000, 0x00000000aa500000, 0x00000000aa600000|  0%| F|  |TAMS 0x00000000aa500000, 0x00000000aa500000| Untracked 
| 166|0x00000000aa600000, 0x00000000aa600000, 0x00000000aa700000|  0%| F|  |TAMS 0x00000000aa600000, 0x00000000aa600000| Untracked 
| 167|0x00000000aa700000, 0x00000000aa700000, 0x00000000aa800000|  0%| F|  |TAMS 0x00000000aa700000, 0x00000000aa700000| Untracked 
| 168|0x00000000aa800000, 0x00000000aa800000, 0x00000000aa900000|  0%| F|  |TAMS 0x00000000aa800000, 0x00000000aa800000| Untracked 
| 169|0x00000000aa900000, 0x00000000aa900000, 0x00000000aaa00000|  0%| F|  |TAMS 0x00000000aa900000, 0x00000000aa900000| Untracked 
| 170|0x00000000aaa00000, 0x00000000aaa00000, 0x00000000aab00000|  0%| F|  |TAMS 0x00000000aaa00000, 0x00000000aaa00000| Untracked 
| 171|0x00000000aab00000, 0x00000000aab00000, 0x00000000aac00000|  0%| F|  |TAMS 0x00000000aab00000, 0x00000000aab00000| Untracked 
| 172|0x00000000aac00000, 0x00000000aac00000, 0x00000000aad00000|  0%| F|  |TAMS 0x00000000aac00000, 0x00000000aac00000| Untracked 
| 173|0x00000000aad00000, 0x00000000aad00000, 0x00000000aae00000|  0%| F|  |TAMS 0x00000000aad00000, 0x00000000aad00000| Untracked 
| 174|0x00000000aae00000, 0x00000000aae00000, 0x00000000aaf00000|  0%| F|  |TAMS 0x00000000aae00000, 0x00000000aae00000| Untracked 
| 175|0x00000000aaf00000, 0x00000000aaf00000, 0x00000000ab000000|  0%| F|  |TAMS 0x00000000aaf00000, 0x00000000aaf00000| Untracked 
| 176|0x00000000ab000000, 0x00000000ab000000, 0x00000000ab100000|  0%| F|  |TAMS 0x00000000ab000000, 0x00000000ab000000| Untracked 
| 177|0x00000000ab100000, 0x00000000ab100000, 0x00000000ab200000|  0%| F|  |TAMS 0x00000000ab100000, 0x00000000ab100000| Untracked 
| 178|0x00000000ab200000, 0x00000000ab200000, 0x00000000ab300000|  0%| F|  |TAMS 0x00000000ab200000, 0x00000000ab200000| Untracked 
| 179|0x00000000ab300000, 0x00000000ab300000, 0x00000000ab400000|  0%| F|  |TAMS 0x00000000ab300000, 0x00000000ab300000| Untracked 
| 180|0x00000000ab400000, 0x00000000ab400000, 0x00000000ab500000|  0%| F|  |TAMS 0x00000000ab400000, 0x00000000ab400000| Untracked 
| 181|0x00000000ab500000, 0x00000000ab500000, 0x00000000ab600000|  0%| F|  |TAMS 0x00000000ab500000, 0x00000000ab500000| Untracked 
| 182|0x00000000ab600000, 0x00000000ab600000, 0x00000000ab700000|  0%| F|  |TAMS 0x00000000ab600000, 0x00000000ab600000| Untracked 
| 183|0x00000000ab700000, 0x00000000ab700000, 0x00000000ab800000|  0%| F|  |TAMS 0x00000000ab700000, 0x00000000ab700000| Untracked 
| 184|0x00000000ab800000, 0x00000000ab800000, 0x00000000ab900000|  0%| F|  |TAMS 0x00000000ab800000, 0x00000000ab800000| Untracked 
| 185|0x00000000ab900000, 0x00000000ab900000, 0x00000000aba00000|  0%| F|  |TAMS 0x00000000ab900000, 0x00000000ab900000| Untracked 
| 186|0x00000000aba00000, 0x00000000aba00000, 0x00000000abb00000|  0%| F|  |TAMS 0x00000000aba00000, 0x00000000aba00000| Untracked 
| 187|0x00000000abb00000, 0x00000000abb00000, 0x00000000abc00000|  0%| F|  |TAMS 0x00000000abb00000, 0x00000000abb00000| Untracked 
| 188|0x00000000abc00000, 0x00000000abc00000, 0x00000000abd00000|  0%| F|  |TAMS 0x00000000abc00000, 0x00000000abc00000| Untracked 
| 189|0x00000000abd00000, 0x00000000abd00000, 0x00000000abe00000|  0%| F|  |TAMS 0x00000000abd00000, 0x00000000abd00000| Untracked 
| 190|0x00000000abe00000, 0x00000000abe00000, 0x00000000abf00000|  0%| F|  |TAMS 0x00000000abe00000, 0x00000000abe00000| Untracked 
| 191|0x00000000abf00000, 0x00000000abf00000, 0x00000000ac000000|  0%| F|  |TAMS 0x00000000abf00000, 0x00000000abf00000| Untracked 
| 192|0x00000000ac000000, 0x00000000ac000000, 0x00000000ac100000|  0%| F|  |TAMS 0x00000000ac000000, 0x00000000ac000000| Untracked 
| 193|0x00000000ac100000, 0x00000000ac100000, 0x00000000ac200000|  0%| F|  |TAMS 0x00000000ac100000, 0x00000000ac100000| Untracked 
| 194|0x00000000ac200000, 0x00000000ac24d0b8, 0x00000000ac300000| 30%| E|  |TAMS 0x00000000ac200000, 0x00000000ac200000| Complete 
| 195|0x00000000ac300000, 0x00000000ac400000, 0x00000000ac400000|100%| E|CS|TAMS 0x00000000ac300000, 0x00000000ac300000| Complete 
| 196|0x00000000ac400000, 0x00000000ac500000, 0x00000000ac500000|100%| E|CS|TAMS 0x00000000ac400000, 0x00000000ac400000| Complete 
| 197|0x00000000ac500000, 0x00000000ac600000, 0x00000000ac600000|100%| E|CS|TAMS 0x00000000ac500000, 0x00000000ac500000| Complete 
| 198|0x00000000ac600000, 0x00000000ac700000, 0x00000000ac700000|100%| E|CS|TAMS 0x00000000ac600000, 0x00000000ac600000| Complete 
| 199|0x00000000ac700000, 0x00000000ac800000, 0x00000000ac800000|100%| E|CS|TAMS 0x00000000ac700000, 0x00000000ac700000| Complete 
| 200|0x00000000ac800000, 0x00000000ac900000, 0x00000000ac900000|100%| E|CS|TAMS 0x00000000ac800000, 0x00000000ac800000| Complete 
| 201|0x00000000ac900000, 0x00000000aca00000, 0x00000000aca00000|100%| E|CS|TAMS 0x00000000ac900000, 0x00000000ac900000| Complete 
| 202|0x00000000aca00000, 0x00000000acb00000, 0x00000000acb00000|100%| E|CS|TAMS 0x00000000aca00000, 0x00000000aca00000| Complete 
| 203|0x00000000acb00000, 0x00000000acc00000, 0x00000000acc00000|100%| E|CS|TAMS 0x00000000acb00000, 0x00000000acb00000| Complete 
| 204|0x00000000acc00000, 0x00000000acd00000, 0x00000000acd00000|100%| E|  |TAMS 0x00000000acc00000, 0x00000000acc00000| Complete 
| 205|0x00000000acd00000, 0x00000000ace00000, 0x00000000ace00000|100%| E|CS|TAMS 0x00000000acd00000, 0x00000000acd00000| Complete 
| 206|0x00000000ace00000, 0x00000000acf00000, 0x00000000acf00000|100%| E|CS|TAMS 0x00000000ace00000, 0x00000000ace00000| Complete 
| 207|0x00000000acf00000, 0x00000000ad000000, 0x00000000ad000000|100%| E|CS|TAMS 0x00000000acf00000, 0x00000000acf00000| Complete 
| 208|0x00000000ad000000, 0x00000000ad100000, 0x00000000ad100000|100%| E|CS|TAMS 0x00000000ad000000, 0x00000000ad000000| Complete 
| 209|0x00000000ad100000, 0x00000000ad200000, 0x00000000ad200000|100%| E|CS|TAMS 0x00000000ad100000, 0x00000000ad100000| Complete 
| 210|0x00000000ad200000, 0x00000000ad300000, 0x00000000ad300000|100%| E|CS|TAMS 0x00000000ad200000, 0x00000000ad200000| Complete 
| 211|0x00000000ad300000, 0x00000000ad400000, 0x00000000ad400000|100%| E|CS|TAMS 0x00000000ad300000, 0x00000000ad300000| Complete 
| 212|0x00000000ad400000, 0x00000000ad500000, 0x00000000ad500000|100%| E|CS|TAMS 0x00000000ad400000, 0x00000000ad400000| Complete 
| 213|0x00000000ad500000, 0x00000000ad600000, 0x00000000ad600000|100%| E|CS|TAMS 0x00000000ad500000, 0x00000000ad500000| Complete 
| 214|0x00000000ad600000, 0x00000000ad700000, 0x00000000ad700000|100%| E|CS|TAMS 0x00000000ad600000, 0x00000000ad600000| Complete 
| 215|0x00000000ad700000, 0x00000000ad800000, 0x00000000ad800000|100%| E|CS|TAMS 0x00000000ad700000, 0x00000000ad700000| Complete 
| 216|0x00000000ad800000, 0x00000000ad900000, 0x00000000ad900000|100%| E|CS|TAMS 0x00000000ad800000, 0x00000000ad800000| Complete 
| 217|0x00000000ad900000, 0x00000000ada00000, 0x00000000ada00000|100%| E|CS|TAMS 0x00000000ad900000, 0x00000000ad900000| Complete 
| 218|0x00000000ada00000, 0x00000000adb00000, 0x00000000adb00000|100%| E|CS|TAMS 0x00000000ada00000, 0x00000000ada00000| Complete 
| 219|0x00000000adb00000, 0x00000000adc00000, 0x00000000adc00000|100%| E|CS|TAMS 0x00000000adb00000, 0x00000000adb00000| Complete 
| 220|0x00000000adc00000, 0x00000000add00000, 0x00000000add00000|100%| E|CS|TAMS 0x00000000adc00000, 0x00000000adc00000| Complete 
| 221|0x00000000add00000, 0x00000000ade00000, 0x00000000ade00000|100%| E|CS|TAMS 0x00000000add00000, 0x00000000add00000| Complete 

Card table byte_map: [0x000001c9b6bd0000,0x000001c9b6ed0000] _byte_map_base: 0x000001c9b66d0000

Marking Bits (Prev, Next): (CMBitMap*) 0x000001c9a3af3388, (CMBitMap*) 0x000001c9a3af33c0
 Prev Bits: [0x000001c9b71d0000, 0x000001c9b89d0000)
 Next Bits: [0x000001c9b89d0000, 0x000001c9ba1d0000)

Polling page: 0x000001c9a3290000

Metaspace:

Usage:
  Non-class:     93.52 MB capacity,    91.73 MB ( 98%) used,     1.52 MB (  2%) free+waste,   268.19 KB ( <1%) overhead. 
      Class:     13.87 MB capacity,    12.99 MB ( 94%) used,   782.79 KB (  6%) free+waste,   119.75 KB ( <1%) overhead. 
       Both:    107.39 MB capacity,   104.72 MB ( 98%) used,     2.29 MB (  2%) free+waste,   387.94 KB ( <1%) overhead. 

Virtual space:
  Non-class space:       94.00 MB reserved,      93.75 MB (>99%) committed 
      Class space:        1.00 GB reserved,      13.88 MB (  1%) committed 
             Both:        1.09 GB reserved,     107.63 MB ( 10%) committed 

Chunk freelists:
   Non-Class:  47.00 KB
       Class:  3.00 KB
        Both:  50.00 KB

MaxMetaspaceSize: 17179869184.00 GB
CompressedClassSpaceSize: 1.00 GB

CodeHeap 'non-profiled nmethods': size=120000Kb used=9007Kb max_used=9007Kb free=110992Kb
 bounds [0x000001c9af070000, 0x000001c9af940000, 0x000001c9b65a0000]
CodeHeap 'profiled nmethods': size=120000Kb used=31329Kb max_used=31329Kb free=88670Kb
 bounds [0x000001c9a7b40000, 0x000001c9a99e0000, 0x000001c9af070000]
CodeHeap 'non-nmethods': size=5760Kb used=2341Kb max_used=2390Kb free=3418Kb
 bounds [0x000001c9a75a0000, 0x000001c9a7810000, 0x000001c9a7b40000]
 total_blobs=14467 nmethods=13509 adapters=868
 compilation: enabled
              stopped_count=0, restarted_count=0
 full_count=0

Compilation events (20 events):
Event: 301.452 Thread 0x000001c9bd5d0800 13559 %     3       com.sun.tools.javac.util.Position$LineMapImpl::build @ 25 (128 bytes)
Event: 301.452 Thread 0x000001c9bd5d0800 nmethod 13559% 0x000001c9a99c6c90 code [0x000001c9a99c6ec0, 0x000001c9a99c7858]
Event: 301.452 Thread 0x000001c9bd5d0800 13560       3       com.sun.tools.javac.parser.JavacParser::qualident (141 bytes)
Event: 301.453 Thread 0x000001c9bd5d0800 nmethod 13560 0x000001c9a99c7b90 code [0x000001c9a99c7f20, 0x000001c9a99c97a8]
Event: 301.453 Thread 0x000001c9bd5d0800 13561       3       com.sun.tools.javac.parser.Tokens$Token::comment (27 bytes)
Event: 301.453 Thread 0x000001c9bd5d0800 nmethod 13561 0x000001c9a99ca090 code [0x000001c9a99ca280, 0x000001c9a99ca5f8]
Event: 301.460 Thread 0x000001c9bd5d0800 13562       3       com.sun.tools.javac.util.Position$LineMapImpl::build (128 bytes)
Event: 301.460 Thread 0x000001c9bd5d0800 nmethod 13562 0x000001c9a99ca710 code [0x000001c9a99ca920, 0x000001c9a99cb198]
Event: 301.460 Thread 0x000001c9bd5d0800 13563       3       com.sun.tools.javac.file.PathFileObject::hashCode (10 bytes)
Event: 301.460 Thread 0x000001c9bd5d0800 nmethod 13563 0x000001c9a99cb410 code [0x000001c9a99cb5c0, 0x000001c9a99cb788]
Event: 301.469 Thread 0x000001c9bd5d0800 13565       3       com.sun.tools.javac.parser.JavacParser::typeParametersOpt (79 bytes)
Event: 301.470 Thread 0x000001c9bd5d0800 nmethod 13565 0x000001c9a99cb890 code [0x000001c9a99cbb80, 0x000001c9a99cc708]
Event: 301.482 Thread 0x000001c9bd5d0800 13566       3       com.sun.tools.javac.parser.JavacParser::modifiersOpt (6 bytes)
Event: 301.483 Thread 0x000001c9bd5d0800 nmethod 13566 0x000001c9a99ccc10 code [0x000001c9a99ccdc0, 0x000001c9a99ccee8]
Event: 301.483 Thread 0x000001c9bd5d0800 13567       3       com.sun.tools.javac.util.Assert::check (17 bytes)
Event: 301.483 Thread 0x000001c9bd5d0800 nmethod 13567 0x000001c9a99ccf90 code [0x000001c9a99cd180, 0x000001c9a99cd558]
Event: 301.483 Thread 0x000001c9bd5d0800 13568       3       com.sun.tools.javac.tree.TreeMaker$$Lambda$847/0x0000000100db6040::get$Lambda (9 bytes)
Event: 301.483 Thread 0x000001c9bd5d0800 nmethod 13568 0x000001c9a99cd710 code [0x000001c9a99cd8e0, 0x000001c9a99cdb38]
Event: 301.483 Thread 0x000001c9bd5d0800 13569       3       com.sun.tools.javac.tree.TreeMaker$$Lambda$847/0x0000000100db6040::<init> (10 bytes)
Event: 301.483 Thread 0x000001c9bd5d0800 nmethod 13569 0x000001c9a99cdc10 code [0x000001c9a99cddc0, 0x000001c9a99cdf78]

GC Heap History (20 events):
Event: 18.926 GC heap before
{Heap before GC invocations=40 (full 0):
 garbage-first heap   total 227328K, used 153501K [0x00000000a0000000, 0x0000000100000000)
  region size 1024K, 22 young (22528K), 4 survivors (4096K)
 Metaspace       used 66794K, capacity 68502K, committed 68696K, reserved 1110016K
  class space    used 8514K, capacity 9107K, committed 9216K, reserved 1048576K
}
Event: 18.933 GC heap after
{Heap after GC invocations=41 (full 0):
 garbage-first heap   total 227328K, used 137375K [0x00000000a0000000, 0x0000000100000000)
  region size 1024K, 2 young (2048K), 2 survivors (2048K)
 Metaspace       used 66794K, capacity 68502K, committed 68696K, reserved 1110016K
  class space    used 8514K, capacity 9107K, committed 9216K, reserved 1048576K
}
Event: 19.810 GC heap before
{Heap before GC invocations=42 (full 0):
 garbage-first heap   total 227328K, used 117919K [0x00000000a0000000, 0x0000000100000000)
  region size 1024K, 42 young (43008K), 2 survivors (2048K)
 Metaspace       used 69288K, capacity 71000K, committed 71296K, reserved 1112064K
  class space    used 8931K, capacity 9520K, committed 9600K, reserved 1048576K
}
Event: 19.816 GC heap after
{Heap after GC invocations=43 (full 0):
 garbage-first heap   total 227328K, used 79517K [0x00000000a0000000, 0x0000000100000000)
  region size 1024K, 4 young (4096K), 4 survivors (4096K)
 Metaspace       used 69288K, capacity 71000K, committed 71296K, reserved 1112064K
  class space    used 8931K, capacity 9520K, committed 9600K, reserved 1048576K
}
Event: 19.961 GC heap before
{Heap before GC invocations=43 (full 0):
 garbage-first heap   total 227328K, used 86685K [0x00000000a0000000, 0x0000000100000000)
  region size 1024K, 11 young (11264K), 4 survivors (4096K)
 Metaspace       used 70105K, capacity 71800K, committed 71936K, reserved 1112064K
  class space    used 9053K, capacity 9616K, committed 9728K, reserved 1048576K
}
Event: 19.968 GC heap after
{Heap after GC invocations=44 (full 0):
 garbage-first heap   total 227328K, used 73766K [0x00000000a0000000, 0x0000000100000000)
  region size 1024K, 1 young (1024K), 1 survivors (1024K)
 Metaspace       used 70105K, capacity 71800K, committed 71936K, reserved 1112064K
  class space    used 9053K, capacity 9616K, committed 9728K, reserved 1048576K
}
Event: 21.605 GC heap before
{Heap before GC invocations=44 (full 0):
 garbage-first heap   total 227328K, used 145446K [0x00000000a0000000, 0x0000000100000000)
  region size 1024K, 71 young (72704K), 1 survivors (1024K)
 Metaspace       used 76233K, capacity 78136K, committed 78208K, reserved 1118208K
  class space    used 9759K, capacity 10350K, committed 10368K, reserved 1048576K
}
Event: 21.612 GC heap after
{Heap after GC invocations=45 (full 0):
 garbage-first heap   total 227328K, used 78391K [0x00000000a0000000, 0x0000000100000000)
  region size 1024K, 6 young (6144K), 6 survivors (6144K)
 Metaspace       used 76233K, capacity 78136K, committed 78208K, reserved 1118208K
  class space    used 9759K, capacity 10350K, committed 10368K, reserved 1048576K
}
Event: 24.270 GC heap before
{Heap before GC invocations=45 (full 0):
 garbage-first heap   total 227328K, used 151095K [0x00000000a0000000, 0x0000000100000000)
  region size 1024K, 78 young (79872K), 6 survivors (6144K)
 Metaspace       used 85401K, capacity 87646K, committed 87808K, reserved 1126400K
  class space    used 10991K, capacity 11724K, committed 11776K, reserved 1048576K
}
Event: 24.279 GC heap after
{Heap after GC invocations=46 (full 0):
 garbage-first heap   total 227328K, used 83402K [0x00000000a0000000, 0x0000000100000000)
  region size 1024K, 10 young (10240K), 10 survivors (10240K)
 Metaspace       used 85401K, capacity 87646K, committed 87808K, reserved 1126400K
  class space    used 10991K, capacity 11724K, committed 11776K, reserved 1048576K
}
Event: 25.372 GC heap before
{Heap before GC invocations=46 (full 0):
 garbage-first heap   total 227328K, used 158154K [0x00000000a0000000, 0x0000000100000000)
  region size 1024K, 84 young (86016K), 10 survivors (10240K)
 Metaspace       used 88662K, capacity 90998K, committed 91264K, reserved 1128448K
  class space    used 11368K, capacity 12129K, committed 12160K, reserved 1048576K
}
Event: 25.385 GC heap after
{Heap after GC invocations=47 (full 0):
 garbage-first heap   total 227328K, used 87621K [0x00000000a0000000, 0x0000000100000000)
  region size 1024K, 9 young (9216K), 9 survivors (9216K)
 Metaspace       used 88662K, capacity 90998K, committed 91264K, reserved 1128448K
  class space    used 11368K, capacity 12129K, committed 12160K, reserved 1048576K
}
Event: 31.488 GC heap before
{Heap before GC invocations=47 (full 0):
 garbage-first heap   total 227328K, used 164421K [0x00000000a0000000, 0x0000000100000000)
  region size 1024K, 84 young (86016K), 9 survivors (9216K)
 Metaspace       used 91731K, capacity 94076K, committed 94208K, reserved 1130496K
  class space    used 11643K, capacity 12457K, committed 12544K, reserved 1048576K
}
Event: 31.501 GC heap after
{Heap after GC invocations=48 (full 0):
 garbage-first heap   total 227328K, used 93294K [0x00000000a0000000, 0x0000000100000000)
  region size 1024K, 10 young (10240K), 10 survivors (10240K)
 Metaspace       used 91731K, capacity 94076K, committed 94208K, reserved 1130496K
  class space    used 11643K, capacity 12457K, committed 12544K, reserved 1048576K
}
Event: 291.451 GC heap before
{Heap before GC invocations=48 (full 0):
 garbage-first heap   total 227328K, used 169070K [0x00000000a0000000, 0x0000000100000000)
  region size 1024K, 85 young (87040K), 10 survivors (10240K)
 Metaspace       used 97769K, capacity 100322K, committed 100608K, reserved 1136640K
  class space    used 12174K, capacity 13023K, committed 13056K, reserved 1048576K
}
Event: 291.469 GC heap after
{Heap after GC invocations=49 (full 0):
 garbage-first heap   total 227328K, used 99328K [0x00000000a0000000, 0x0000000100000000)
  region size 1024K, 11 young (11264K), 11 survivors (11264K)
 Metaspace       used 97769K, capacity 100322K, committed 100608K, reserved 1136640K
  class space    used 12174K, capacity 13023K, committed 13056K, reserved 1048576K
}
Event: 293.293 GC heap before
{Heap before GC invocations=49 (full 0):
 garbage-first heap   total 227328K, used 173056K [0x00000000a0000000, 0x0000000100000000)
  region size 1024K, 84 young (86016K), 11 survivors (11264K)
 Metaspace       used 98609K, capacity 101167K, committed 101248K, reserved 1136640K
  class space    used 12260K, capacity 13110K, committed 13184K, reserved 1048576K
}
Event: 293.310 GC heap after
{Heap after GC invocations=50 (full 0):
 garbage-first heap   total 227328K, used 105689K [0x00000000a0000000, 0x0000000100000000)
  region size 1024K, 6 young (6144K), 6 survivors (6144K)
 Metaspace       used 98609K, capacity 101167K, committed 101248K, reserved 1136640K
  class space    used 12260K, capacity 13110K, committed 13184K, reserved 1048576K
}
Event: 300.390 GC heap before
{Heap before GC invocations=50 (full 0):
 garbage-first heap   total 227328K, used 177369K [0x00000000a0000000, 0x0000000100000000)
  region size 1024K, 77 young (78848K), 6 survivors (6144K)
 Metaspace       used 101447K, capacity 104137K, committed 104448K, reserved 1140736K
  class space    used 12590K, capacity 13495K, committed 13568K, reserved 1048576K
}
Event: 300.401 GC heap after
{Heap after GC invocations=51 (full 0):
 garbage-first heap   total 227328K, used 106227K [0x00000000a0000000, 0x0000000100000000)
  region size 1024K, 7 young (7168K), 7 survivors (7168K)
 Metaspace       used 101447K, capacity 104137K, committed 104448K, reserved 1140736K
  class space    used 12590K, capacity 13495K, committed 13568K, reserved 1048576K
}

Deoptimization events (20 events):
Event: 300.602 Thread 0x000001c9d1f9d000 Uncommon trap: trap_request=0xffffffc6 fr.pc=0x000001c9af8f61d0 relative=0x0000000000000090
Event: 300.602 Thread 0x000001c9d1f9d000 Uncommon trap: reason=bimorphic_or_optimized_type_check action=maybe_recompile pc=0x000001c9af8f61d0 method=java.util.Spliterators$1Adapter.hasNext()Z @ 12 c2
Event: 300.602 Thread 0x000001c9d1f9d000 DEOPT PACKING pc=0x000001c9af8f61d0 sp=0x0000009cbb8f59a0
Event: 300.602 Thread 0x000001c9d1f9d000 DEOPT UNPACKING pc=0x000001c9a75c78af sp=0x0000009cbb8f5938 mode 2
Event: 300.602 Thread 0x000001c9d1f9d000 Uncommon trap: trap_request=0xffffffc6 fr.pc=0x000001c9af8f61d0 relative=0x0000000000000090
Event: 300.602 Thread 0x000001c9d1f9d000 Uncommon trap: reason=bimorphic_or_optimized_type_check action=maybe_recompile pc=0x000001c9af8f61d0 method=java.util.Spliterators$1Adapter.hasNext()Z @ 12 c2
Event: 300.602 Thread 0x000001c9d1f9d000 DEOPT PACKING pc=0x000001c9af8f61d0 sp=0x0000009cbb8f59a0
Event: 300.602 Thread 0x000001c9d1f9d000 DEOPT UNPACKING pc=0x000001c9a75c78af sp=0x0000009cbb8f5938 mode 2
Event: 300.616 Thread 0x000001c9d1f9d000 DEOPT PACKING pc=0x000001c9a9863a9c sp=0x0000009cbb8f7110
Event: 300.616 Thread 0x000001c9d1f9d000 DEOPT UNPACKING pc=0x000001c9a75c76ce sp=0x0000009cbb8f66b0 mode 0
Event: 300.718 Thread 0x000001c9d1f9d000 DEOPT PACKING pc=0x000001c9a9863a9c sp=0x0000009cbb8f6af0
Event: 300.718 Thread 0x000001c9d1f9d000 DEOPT UNPACKING pc=0x000001c9a75c76ce sp=0x0000009cbb8f6090 mode 0
Event: 301.212 Thread 0x000001c9d1f9d000 Uncommon trap: trap_request=0xffffff4d fr.pc=0x000001c9af58da34 relative=0x00000000000023b4
Event: 301.212 Thread 0x000001c9d1f9d000 Uncommon trap: reason=unstable_if action=reinterpret pc=0x000001c9af58da34 method=java.util.regex.Pattern.compile()V @ 369 c2
Event: 301.212 Thread 0x000001c9d1f9d000 DEOPT PACKING pc=0x000001c9af58da34 sp=0x0000009cbb8f7150
Event: 301.212 Thread 0x000001c9d1f9d000 DEOPT UNPACKING pc=0x000001c9a75c78af sp=0x0000009cbb8f7130 mode 2
Event: 301.314 Thread 0x000001c9d1f9d000 Uncommon trap: trap_request=0xffffff4d fr.pc=0x000001c9af1ca53c relative=0x000000000000047c
Event: 301.314 Thread 0x000001c9d1f9d000 Uncommon trap: reason=unstable_if action=reinterpret pc=0x000001c9af1ca53c method=java.lang.StringUTF16.compress([CII)[B @ 13 c2
Event: 301.314 Thread 0x000001c9d1f9d000 DEOPT PACKING pc=0x000001c9af1ca53c sp=0x0000009cbb8f6e60
Event: 301.314 Thread 0x000001c9d1f9d000 DEOPT UNPACKING pc=0x000001c9a75c78af sp=0x0000009cbb8f6d48 mode 2

Classes redefined (0 events):
No events

Internal exceptions (20 events):
Event: 293.660 Thread 0x000001c9d1f9d000 Exception <a 'java/lang/NoSuchMethodError'{0x00000000ad6441e0}: <clinit>> (0x00000000ad6441e0) thrown at [./src/hotspot/share/prims/jni.cpp, line 1362]
Event: 293.665 Thread 0x000001c9d1f9d000 Exception <a 'java/lang/NoSuchMethodError'{0x00000000ad663940}: <clinit>> (0x00000000ad663940) thrown at [./src/hotspot/share/prims/jni.cpp, line 1362]
Event: 293.670 Thread 0x000001c9d1f9d000 Exception <a 'java/lang/NoSuchMethodError'{0x00000000ad6917c8}: <clinit>> (0x00000000ad6917c8) thrown at [./src/hotspot/share/prims/jni.cpp, line 1362]
Event: 293.670 Thread 0x000001c9d1f9d000 Exception <a 'java/lang/NoSuchMethodError'{0x00000000ad695398}: <clinit>> (0x00000000ad695398) thrown at [./src/hotspot/share/prims/jni.cpp, line 1362]
Event: 293.675 Thread 0x000001c9d1f9d000 Exception <a 'java/lang/NoSuchMethodError'{0x00000000ad6a8b98}: <clinit>> (0x00000000ad6a8b98) thrown at [./src/hotspot/share/prims/jni.cpp, line 1362]
Event: 293.687 Thread 0x000001c9d1f9d000 Exception <a 'java/lang/NoSuchMethodError'{0x00000000ad6d2760}: <clinit>> (0x00000000ad6d2760) thrown at [./src/hotspot/share/prims/jni.cpp, line 1362]
Event: 293.761 Thread 0x000001c9d1f9d000 Exception <a 'java/lang/NoSuchMethodError'{0x00000000ad564c70}: <clinit>> (0x00000000ad564c70) thrown at [./src/hotspot/share/prims/jni.cpp, line 1362]
Event: 293.798 Thread 0x000001c9d1f9d000 Exception <a 'java/lang/NoSuchMethodError'{0x00000000ad5cffd0}: <clinit>> (0x00000000ad5cffd0) thrown at [./src/hotspot/share/prims/jni.cpp, line 1362]
Event: 293.989 Thread 0x000001c9c1e92000 Exception <a 'java/lang/NoSuchMethodError'{0x00000000ad3e6020}: 'void java.lang.invoke.DirectMethodHandle$Holder.invokeStatic(java.lang.Object, long)'> (0x00000000ad3e6020) thrown at [./src/hotspot/share/interpreter/linkResolver.cpp, line 773]
Event: 293.990 Thread 0x000001c9c1e92000 Exception <a 'java/lang/NoSuchMethodError'{0x00000000ad3eb340}: 'java.lang.Object java.lang.invoke.DirectMethodHandle$Holder.invokeStatic(java.lang.Object, long)'> (0x00000000ad3eb340) thrown at [./src/hotspot/share/interpreter/linkResolver.cpp, line 773]
Event: 293.991 Thread 0x000001c9c1e92000 Exception <a 'java/lang/NoSuchMethodError'{0x00000000ad3ee668}: 'java.lang.Object java.lang.invoke.DirectMethodHandle$Holder.invokeSpecial(java.lang.Object, java.lang.Object, long)'> (0x00000000ad3ee668) thrown at [./src/hotspot/share/interpreter/linkResolver.cpp, line 773]
Event: 293.993 Thread 0x000001c9c1e92000 Exception <a 'java/lang/NoSuchMethodError'{0x00000000ad3f61a0}: 'java.lang.Object java.lang.invoke.DirectMethodHandle$Holder.invokeStatic(java.lang.Object, java.lang.Object, long, java.lang.Object)'> (0x00000000ad3f61a0) thrown at [./src/hotspot/share/interpreter/linkResolver.cpp, line 773]
Event: 293.994 Thread 0x000001c9c1e92000 Exception <a 'java/lang/NoSuchMethodError'{0x00000000ad3f9730}: 'java.lang.Object java.lang.invoke.DirectMethodHandle$Holder.invokeStaticInit(java.lang.Object, java.lang.Object, long, java.lang.Object)'> (0x00000000ad3f9730) thrown at [./src/hotspot/share/interpreter/linkResolver.cpp, line 773]
Event: 298.669 Thread 0x000001c9c1e92000 Exception <a 'sun/nio/fs/WindowsException'{0x00000000aba44fe8}> (0x00000000aba44fe8) thrown at [./src/hotspot/share/prims/jni.cpp, line 615]
Event: 298.669 Thread 0x000001c9c1e92000 Exception <a 'sun/nio/fs/WindowsException'{0x00000000aba450d0}> (0x00000000aba450d0) thrown at [./src/hotspot/share/prims/jni.cpp, line 615]
Event: 299.202 Thread 0x000001c9d1f9d000 Exception <a 'java/lang/NoSuchMethodError'{0x00000000ad43d658}: 'java.lang.Object java.lang.invoke.DirectMethodHandle$Holder.invokeSpecial(java.lang.Object, java.lang.Object, java.lang.Object, java.lang.Object, java.lang.Object, int)'> (0x00000000ad43d658) thrown at [./src/hotspot/share/interpreter/linkResolver.cpp, line 773]
Event: 299.213 Thread 0x000001c9d1f9d000 Exception <a 'java/lang/NoSuchMethodError'{0x00000000ad441748}: 'java.lang.Object java.lang.invoke.Invokers$Holder.linkToTargetMethod(java.lang.Object, java.lang.Object, java.lang.Object, int, java.lang.Object)'> (0x00000000ad441748) thrown at [./src/hotspot/share/interpreter/linkResolver.cpp, line 773]
Event: 300.766 Thread 0x000001c9d1f9d000 Exception <a 'java/lang/NoSuchMethodError'{0x00000000ad8f7118}: 'java.lang.Object java.lang.invoke.Invokers$Holder.linkToTargetMethod(java.lang.Object, java.lang.Object, java.lang.Object, int, int, java.lang.Object)'> (0x00000000ad8f7118) thrown at [./src/hotspot/share/interpreter/linkResolver.cpp, line 773]
Event: 300.815 Thread 0x000001c9d1f9d000 Exception <a 'java/lang/NoSuchMethodError'{0x00000000ad61c7b8}: 'int java.lang.invoke.DirectMethodHandle$Holder.invokeVirtual(java.lang.Object, java.lang.Object, java.lang.Object)'> (0x00000000ad61c7b8) thrown at [./src/hotspot/share/interpreter/linkResolver.cpp, line 773]
Event: 301.125 Thread 0x000001c9d1f9d000 Exception <a 'java/lang/NoSuchMethodError'{0x00000000aca51300}: 'java.lang.Object java.lang.invoke.Invokers$Holder.linkToTargetMethod(java.lang.Object, java.lang.Object, java.lang.Object, java.lang.Object, java.lang.Object, java.lang.Object)'> (0x00000000aca51300) thrown at [./src/hotspot/share/interpreter/linkResolver.cpp, line 773]

Events (20 events):
Event: 301.203 loading class com/sun/tools/javac/main/JavaCompiler
Event: 301.203 loading class com/sun/tools/javac/main/JavaCompiler done
Event: 301.212 loading class java/util/regex/Pattern$GroupCurly
Event: 301.212 loading class java/util/regex/Pattern$GroupCurly done
Event: 301.212 loading class java/util/regex/Pattern$StartS
Event: 301.212 loading class java/util/regex/Pattern$StartS done
Event: 301.263 loading class jdk/internal/math/FloatingDecimal$HexFloatPattern
Event: 301.263 loading class jdk/internal/math/FloatingDecimal$HexFloatPattern done
Event: 301.272 loading class com/sun/tools/javac/parser/Tokens$TokenKind
Event: 301.272 loading class com/sun/tools/javac/parser/Tokens$TokenKind done
Event: 301.272 loading class com/sun/tools/javac/parser/Tokens$TokenKind
Event: 301.272 loading class com/sun/tools/javac/parser/Tokens$TokenKind done
Event: 301.272 loading class com/sun/tools/javac/util/Filter
Event: 301.272 loading class com/sun/tools/javac/util/Filter done
Event: 301.281 Executing VM operation: Deoptimize
Event: 301.283 Executing VM operation: Deoptimize done
Event: 301.294 loading class com/sun/tools/javac/tree/JCTree
Event: 301.294 loading class com/sun/tools/javac/tree/JCTree done
Event: 301.294 loading class com/sun/tools/javac/tree/JCTree
Event: 301.294 loading class com/sun/tools/javac/tree/JCTree done


Dynamic libraries:
0x00007ff63f880000 - 0x00007ff63f88a000 	C:\Program Files\Android\Android Studio\jre\bin\java.exe
0x00007ff9af2f0000 - 0x00007ff9af4e5000 	C:\WINDOWS\SYSTEM32\ntdll.dll
0x00007ff9ad350000 - 0x00007ff9ad40d000 	C:\WINDOWS\System32\KERNEL32.DLL
0x00007ff9aca20000 - 0x00007ff9acce9000 	C:\WINDOWS\System32\KERNELBASE.dll
0x00007ff9a9a60000 - 0x00007ff9a9af0000 	C:\WINDOWS\SYSTEM32\apphelp.dll
0x00007ff9ad030000 - 0x00007ff9ad130000 	C:\WINDOWS\System32\ucrtbase.dll
0x00007ff998650000 - 0x00007ff998667000 	C:\Program Files\Android\Android Studio\jre\bin\VCRUNTIME140.dll
0x00007ff98c260000 - 0x00007ff98c279000 	C:\Program Files\Android\Android Studio\jre\bin\jli.dll
0x00007ff9adbb0000 - 0x00007ff9add50000 	C:\WINDOWS\System32\USER32.dll
0x00007ff99a380000 - 0x00007ff99a61a000 	C:\WINDOWS\WinSxS\amd64_microsoft.windows.common-controls_6595b64144ccf1df_6.0.19041.1110_none_60b5254171f9507e\COMCTL32.dll
0x00007ff9ad270000 - 0x00007ff9ad292000 	C:\WINDOWS\System32\win32u.dll
0x00007ff9aec70000 - 0x00007ff9aec9a000 	C:\WINDOWS\System32\GDI32.dll
0x00007ff9af210000 - 0x00007ff9af2ae000 	C:\WINDOWS\System32\msvcrt.dll
0x00007ff9acd20000 - 0x00007ff9ace2b000 	C:\WINDOWS\System32\gdi32full.dll
0x00007ff9acf90000 - 0x00007ff9ad02d000 	C:\WINDOWS\System32\msvcp_win.dll
0x00007ff9adf90000 - 0x00007ff9adfc0000 	C:\WINDOWS\System32\IMM32.DLL
0x00007ff98bff0000 - 0x00007ff98c08d000 	C:\Program Files\Android\Android Studio\jre\bin\msvcp140.dll
0x00007ff964dd0000 - 0x00007ff96589f000 	C:\Program Files\Android\Android Studio\jre\bin\server\jvm.dll
0x00007ff9ade80000 - 0x00007ff9adf2c000 	C:\WINDOWS\System32\ADVAPI32.dll
0x00007ff9ae130000 - 0x00007ff9ae1cb000 	C:\WINDOWS\System32\sechost.dll
0x00007ff9ae6b0000 - 0x00007ff9ae7da000 	C:\WINDOWS\System32\RPCRT4.dll
0x00007ff9ae7e0000 - 0x00007ff9ae7e8000 	C:\WINDOWS\System32\PSAPI.DLL
0x00007ff998d60000 - 0x00007ff998d69000 	C:\WINDOWS\SYSTEM32\WSOCK32.dll
0x00007ff998cc0000 - 0x00007ff998ce7000 	C:\WINDOWS\SYSTEM32\WINMM.dll
0x00007ff99df50000 - 0x00007ff99df5a000 	C:\WINDOWS\SYSTEM32\VERSION.dll
0x00007ff9ae640000 - 0x00007ff9ae6ab000 	C:\WINDOWS\System32\WS2_32.dll
0x00007ff9aa9c0000 - 0x00007ff9aa9d2000 	C:\WINDOWS\SYSTEM32\kernel.appcore.dll
0x00007ff9a7e10000 - 0x00007ff9a7e21000 	C:\Program Files\Android\Android Studio\jre\bin\verify.dll
0x00007ff9aa270000 - 0x00007ff9aa454000 	C:\WINDOWS\SYSTEM32\DBGHELP.DLL
0x00007ff993ea0000 - 0x00007ff993ecc000 	C:\WINDOWS\SYSTEM32\dbgcore.DLL
0x00007ff9ad190000 - 0x00007ff9ad213000 	C:\WINDOWS\System32\bcryptPrimitives.dll
0x00007ff9a6d40000 - 0x00007ff9a6d69000 	C:\Program Files\Android\Android Studio\jre\bin\java.dll
0x00007ff9a71b0000 - 0x00007ff9a71bb000 	C:\Program Files\Android\Android Studio\jre\bin\jimage.dll
0x00007ff9a6d00000 - 0x00007ff9a6d18000 	C:\Program Files\Android\Android Studio\jre\bin\zip.dll
0x00007ff9ad470000 - 0x00007ff9adbaf000 	C:\WINDOWS\System32\SHELL32.dll
0x00007ff9aab30000 - 0x00007ff9ab2c0000 	C:\WINDOWS\SYSTEM32\windows.storage.dll
0x00007ff9ae1d0000 - 0x00007ff9ae525000 	C:\WINDOWS\System32\combase.dll
0x00007ff9ac480000 - 0x00007ff9ac4ac000 	C:\WINDOWS\SYSTEM32\Wldp.dll
0x00007ff9ae590000 - 0x00007ff9ae63e000 	C:\WINDOWS\System32\SHCORE.dll
0x00007ff9aeca0000 - 0x00007ff9aecf5000 	C:\WINDOWS\System32\shlwapi.dll
0x00007ff9ac960000 - 0x00007ff9ac97f000 	C:\WINDOWS\SYSTEM32\profapi.dll
0x00007ff9a6c90000 - 0x00007ff9a6caa000 	C:\Program Files\Android\Android Studio\jre\bin\net.dll
0x00007ff9a2b00000 - 0x00007ff9a2c08000 	C:\WINDOWS\SYSTEM32\WINHTTP.dll
0x00007ff9ac1e0000 - 0x00007ff9ac24a000 	C:\WINDOWS\system32\mswsock.dll
0x00007ff9a5a40000 - 0x00007ff9a5a54000 	C:\Program Files\Android\Android Studio\jre\bin\nio.dll
0x00007ff9a6d80000 - 0x00007ff9a6da6000 	C:\Users\dat29\.gradle\native\30\windows-amd64\native-platform.dll
0x00007ff9a71a0000 - 0x00007ff9a71aa000 	C:\Program Files\Android\Android Studio\jre\bin\management.dll
0x00007ff9a6d30000 - 0x00007ff9a6d3c000 	C:\Program Files\Android\Android Studio\jre\bin\management_ext.dll
0x00007ff9ac3e0000 - 0x00007ff9ac3f8000 	C:\WINDOWS\SYSTEM32\CRYPTSP.dll
0x00007ff9abaf0000 - 0x00007ff9abb24000 	C:\WINDOWS\system32\rsaenh.dll
0x00007ff9accf0000 - 0x00007ff9acd17000 	C:\WINDOWS\System32\bcrypt.dll
0x00007ff9ac920000 - 0x00007ff9ac94e000 	C:\WINDOWS\SYSTEM32\USERENV.dll
0x00007ff9ac3d0000 - 0x00007ff9ac3dc000 	C:\WINDOWS\SYSTEM32\CRYPTBASE.dll
0x00007ff9abe80000 - 0x00007ff9abebb000 	C:\WINDOWS\SYSTEM32\IPHLPAPI.DLL
0x00007ff9aef20000 - 0x00007ff9aef28000 	C:\WINDOWS\System32\NSI.dll
0x00007ff9a9c00000 - 0x00007ff9a9c17000 	C:\WINDOWS\SYSTEM32\dhcpcsvc6.DLL
0x00007ff9a9be0000 - 0x00007ff9a9bfd000 	C:\WINDOWS\SYSTEM32\dhcpcsvc.DLL
0x00007ff9abec0000 - 0x00007ff9abf8c000 	C:\WINDOWS\SYSTEM32\DNSAPI.dll
0x00007ff98e610000 - 0x00007ff98e637000 	C:\Program Files\Android\Android Studio\jre\bin\sunec.dll
0x00007ff9a42d0000 - 0x00007ff9a42da000 	C:\Windows\System32\rasadhlp.dll
0x00007ff9a13a0000 - 0x00007ff9a141f000 	C:\WINDOWS\System32\fwpuclnt.dll

dbghelp: loaded successfully - version: 4.0.5 - missing functions: none
symbol engine: initialized successfully - sym options: 0x614 - pdb path: .;C:\Program Files\Android\Android Studio\jre\bin;C:\WINDOWS\SYSTEM32;C:\WINDOWS\WinSxS\amd64_microsoft.windows.common-controls_6595b64144ccf1df_6.0.19041.1110_none_60b5254171f9507e;C:\Program Files\Android\Android Studio\jre\bin\server;C:\Users\dat29\.gradle\native\30\windows-amd64

VM Arguments:
jvm_args: --add-opens=java.base/java.util=ALL-UNNAMED --add-opens=java.base/java.lang=ALL-UNNAMED --add-opens=java.base/java.lang.invoke=ALL-UNNAMED --add-opens=java.prefs/java.util.prefs=ALL-UNNAMED -Xmx1536m -Dfile.encoding=windows-1252 -Duser.country=US -Duser.language=en -Duser.variant 
java_command: org.gradle.launcher.daemon.bootstrap.GradleDaemon 5.6.4
java_class_path (initial): C:\Users\dat29\.gradle\wrapper\dists\gradle-5.6.4-all\ankdp27end7byghfw1q2sw75f\gradle-5.6.4\lib\gradle-launcher-5.6.4.jar
Launcher Type: SUN_STANDARD

[Global flags]
     intx CICompilerCount                          = 4                                         {product} {ergonomic}
     uint ConcGCThreads                            = 2                                         {product} {ergonomic}
     uint G1ConcRefinementThreads                  = 8                                         {product} {ergonomic}
   size_t G1HeapRegionSize                         = 1048576                                   {product} {ergonomic}
    uintx GCDrainStackTargetSize                   = 64                                        {product} {ergonomic}
   size_t InitialHeapSize                          = 134217728                                 {product} {ergonomic}
   size_t MarkStackSize                            = 4194304                                   {product} {ergonomic}
   size_t MaxHeapSize                              = 1610612736                                {product} {command line}
   size_t MaxNewSize                               = 965738496                                 {product} {ergonomic}
   size_t MinHeapDeltaBytes                        = 1048576                                   {product} {ergonomic}
    uintx NonNMethodCodeHeapSize                   = 5836300                                {pd product} {ergonomic}
    uintx NonProfiledCodeHeapSize                  = 122910970                              {pd product} {ergonomic}
    uintx ProfiledCodeHeapSize                     = 122910970                              {pd product} {ergonomic}
    uintx ReservedCodeCacheSize                    = 251658240                              {pd product} {ergonomic}
     bool SegmentedCodeCache                       = true                                      {product} {ergonomic}
     bool UseCompressedClassPointers               = true                                 {lp64_product} {ergonomic}
     bool UseCompressedOops                        = true                                 {lp64_product} {ergonomic}
     bool UseG1GC                                  = true                                      {product} {ergonomic}
     bool UseLargePagesIndividualAllocation        = false                                  {pd product} {ergonomic}

Logging:
Log output configuration:
 #0: stdout all=warning uptime,level,tags
 #1: stderr all=off uptime,level,tags

Environment Variables:
PATH=D:\Python\Python38\Scripts\;D:\Python\Python38\;C:\WINDOWS\system32;C:\WINDOWS;C:\WINDOWS\System32\Wbem;C:\WINDOWS\System32\WindowsPowerShell\v1.0\;C:\WINDOWS\System32\OpenSSH\;C:\Program Files\Java\jdk-14.0.1\bin;C:\Program Files\nodejs\;C:\Program Files (x86)\Yarn\bin\;C:\Program Files\Git\cmd;C:\Program Files\dotnet\;C:\Program Files\Microsoft SQL Server\130\Tools\Binn\;C:\Program Files\Microsoft SQL Server\Client SDK\ODBC\170\Tools\Binn\;C:\Ruby30-x64\bin;C:\Users\dat29\AppData\Local\Programs\Python\Python36\Scripts\;C:\Users\dat29\AppData\Local\Programs\Python\Python36\;D:\Python\Scripts\;D:\Python\;D:\Anaconda3;D:\Anaconda3\Library\mingw-w64\bin;D:\Anaconda3\Library\usr\bin;D:\Anaconda3\Library\bin;D:\Anaconda3\Scripts;C:\Users\dat29\AppData\Local\Microsoft\WindowsApps;D:\xampp\php;D:\composer;C:\Users\dat29\AppData\Roaming\Composer\vendor\bin;D:\JetBrains\IntelliJ IDEA 2020.1\bin;D:\Microsoft VS Code\Microsoft VS Code\bin;C:\Users\dat29\AppData\Roaming\npm;C:\Users\dat29\AppData\Local\Yarn\bin;C:\Users\dat29\.dotnet\tools
USERNAME=dat29
OS=Windows_NT
PROCESSOR_IDENTIFIER=Intel64 Family 6 Model 142 Stepping 10, GenuineIntel



---------------  S Y S T E M  ---------------

OS: Windows 10 , 64 bit Build 19041 (10.0.19041.1151)
OS uptime: 0 days 0:42 hours

CPU:total 8 (initial active 8) (4 cores per cpu, 2 threads per core) family 6 model 142 stepping 10 microcode 0xe0, cmov, cx8, fxsr, mmx, sse, sse2, sse3, ssse3, sse4.1, sse4.2, popcnt, avx, avx2, aes, clmul, erms, 3dnowpref, lzcnt, ht, tsc, tscinvbit, bmi1, bmi2, adx, fma

Memory: 4k page, system-wide physical 8072M (181M free)
TotalPageFile size 8072M (AvailPageFile size 6M)
current process WorkingSet (physical memory assigned to process): 499M, peak: 574M
current process commit charge ("private bytes"): 613M, peak: 780M

vm_info: OpenJDK 64-Bit Server VM (11.0.10+0-b96-7249189) for windows-amd64 JRE (11.0.10+0-b96-7249189), built on Mar 31 2021 21:44:00 by "builder" with MS VC++ 14.0 (VS2015)

END.
